[debug] [2022-10-14T18:35:58.310Z] ----------------------------------------------------------------------
[debug] [2022-10-14T18:35:58.315Z] Command:       C:\Program Files\nodejs\node.exe C:\Users\DELL\AppData\Roaming\npm\node_modules\firebase-tools\lib\bin\firebase.js deploy
[debug] [2022-10-14T18:35:58.316Z] CLI Version:   11.13.0
[debug] [2022-10-14T18:35:58.316Z] Platform:      win32
[debug] [2022-10-14T18:35:58.316Z] Node Version:  v17.3.0
[debug] [2022-10-14T18:35:58.328Z] Time:          Fri Oct 14 2022 11:35:58 GMT-0700 (Pacific Daylight Time)
[debug] [2022-10-14T18:35:58.329Z] ----------------------------------------------------------------------
[debug] 
[debug] [2022-10-14T18:35:58.555Z] > command requires scopes: ["email","openid","https://www.googleapis.com/auth/cloudplatformprojects.readonly","https://www.googleapis.com/auth/firebase","https://www.googleapis.com/auth/cloud-platform"]
[debug] [2022-10-14T18:35:58.556Z] > authorizing via signed-in user (nwobiprince8@gmail.com)
[debug] [2022-10-14T18:35:58.556Z] [iam] checking project nodon-site for permissions ["firebase.projects.get","firebasehosting.sites.update"]
[debug] [2022-10-14T18:35:58.559Z] > refreshing access token with scopes: []
[debug] [2022-10-14T18:35:58.562Z] >>> [apiv2][query] POST https://www.googleapis.com/oauth2/v3/token [none]
[debug] [2022-10-14T18:35:58.562Z] >>> [apiv2][body] POST https://www.googleapis.com/oauth2/v3/token [omitted]
[debug] [2022-10-14T18:36:09.106Z] [iam] error while checking permissions, command may fail: FirebaseError: Authentication Error: Your credentials are no longer valid. Please run firebase login --reauth

For CI servers and headless environments, generate a new token with firebase login:ci
[debug] [2022-10-14T18:36:09.110Z] > refreshing access token with scopes: []
[debug] [2022-10-14T18:36:09.113Z] >>> [apiv2][query] POST https://www.googleapis.com/oauth2/v3/token [none]
[debug] [2022-10-14T18:36:09.113Z] >>> [apiv2][body] POST https://www.googleapis.com/oauth2/v3/token [omitted]
[debug] [2022-10-14T18:36:19.337Z] Authentication Error: Your credentials are no longer valid. Please run firebase login --reauth

For CI servers and headless environments, generate a new token with firebase login:ci
[debug] [2022-10-14T18:36:19.821Z] FirebaseError: Authentication Error: Your credentials are no longer valid. Please run firebase login --reauth

For CI servers and headless environments, generate a new token with firebase login:ci
    at invalidCredentialError (C:\Users\DELL\AppData\Roaming\npm\node_modules\firebase-tools\lib\auth.js:144:12)
    at refreshTokens (C:\Users\DELL\AppData\Roaming\npm\node_modules\firebase-tools\lib\auth.js:508:15)
    at processTicksAndRejections (node:internal/process/task_queues:96:5)
    at async Client.getAccessToken (C:\Users\DELL\AppData\Roaming\npm\node_modules\firebase-tools\lib\apiv2.js:149:23)
    at async Client.addAuthHeader (C:\Users\DELL\AppData\Roaming\npm\node_modules\firebase-tools\lib\apiv2.js:140:21)
    at async Client.request (C:\Users\DELL\AppData\Roaming\npm\node_modules\firebase-tools\lib\apiv2.js:96:34)
    at async getFirebaseProject (C:\Users\DELL\AppData\Roaming\npm\node_modules\firebase-tools\lib\management\projects.js:295:21)
    at async getDefaultHostingSite (C:\Users\DELL\AppData\Roaming\npm\node_modules\firebase-tools\lib\getDefaultHostingSite.js:8:21)
    at async requireHostingSite (C:\Users\DELL\AppData\Roaming\npm\node_modules\firebase-tools\lib\requireHostingSite.js:9:18)
    at async Object.fn (C:\Users\DELL\AppData\Roaming\npm\node_modules\firebase-tools\lib\commands\deploy.js:74:9)
    at async C:\Users\DELL\AppData\Roaming\npm\node_modules\firebase-tools\lib\command.js:214:17
[error] 
[error] Error: Failed to get Firebase project nodon-site. Please make sure the project exists and your account has permission to access it.
[debug] [2022-10-14T18:36:34.663Z] ----------------------------------------------------------------------
[debug] [2022-10-14T18:36:34.667Z] Command:       C:\Program Files\nodejs\node.exe C:\Users\DELL\AppData\Roaming\npm\node_modules\firebase-tools\lib\bin\firebase.js projects:list
[debug] [2022-10-14T18:36:34.668Z] CLI Version:   11.13.0
[debug] [2022-10-14T18:36:34.668Z] Platform:      win32
[debug] [2022-10-14T18:36:34.668Z] Node Version:  v17.3.0
[debug] [2022-10-14T18:36:34.669Z] Time:          Fri Oct 14 2022 11:36:34 GMT-0700 (Pacific Daylight Time)
[debug] [2022-10-14T18:36:34.670Z] ----------------------------------------------------------------------
[debug] 
[debug] [2022-10-14T18:36:34.783Z] > command requires scopes: ["email","openid","https://www.googleapis.com/auth/cloudplatformprojects.readonly","https://www.googleapis.com/auth/firebase","https://www.googleapis.com/auth/cloud-platform"]
[debug] [2022-10-14T18:36:34.784Z] > authorizing via signed-in user (nwobiprince8@gmail.com)
[debug] [2022-10-14T18:36:34.791Z] > refreshing access token with scopes: []
[debug] [2022-10-14T18:36:34.794Z] >>> [apiv2][query] POST https://www.googleapis.com/oauth2/v3/token [none]
[debug] [2022-10-14T18:36:34.794Z] >>> [apiv2][body] POST https://www.googleapis.com/oauth2/v3/token [omitted]
[debug] [2022-10-14T18:36:45.017Z] Authentication Error: Your credentials are no longer valid. Please run firebase login --reauth

For CI servers and headless environments, generate a new token with firebase login:ci
[debug] [2022-10-14T18:36:45.454Z] FirebaseError: Authentication Error: Your credentials are no longer valid. Please run firebase login --reauth

For CI servers and headless environments, generate a new token with firebase login:ci
    at invalidCredentialError (C:\Users\DELL\AppData\Roaming\npm\node_modules\firebase-tools\lib\auth.js:144:12)
    at refreshTokens (C:\Users\DELL\AppData\Roaming\npm\node_modules\firebase-tools\lib\auth.js:508:15)
    at processTicksAndRejections (node:internal/process/task_queues:96:5)
    at async Client.getAccessToken (C:\Users\DELL\AppData\Roaming\npm\node_modules\firebase-tools\lib\apiv2.js:149:23)
    at async Client.addAuthHeader (C:\Users\DELL\AppData\Roaming\npm\node_modules\firebase-tools\lib\apiv2.js:140:21)
    at async Client.request (C:\Users\DELL\AppData\Roaming\npm\node_modules\firebase-tools\lib\apiv2.js:96:34)
    at async getProjectPage (C:\Users\DELL\AppData\Roaming\npm\node_modules\firebase-tools\lib\management\projects.js:238:17)
    at async getFirebaseProjectPage (C:\Users\DELL\AppData\Roaming\npm\node_modules\firebase-tools\lib\management\projects.js:255:23)
    at async listFirebaseProjects (C:\Users\DELL\AppData\Roaming\npm\node_modules\firebase-tools\lib\management\projects.js:286:29)
    at async Command.actionFn (C:\Users\DELL\AppData\Roaming\npm\node_modules\firebase-tools\lib\commands\projects-list.js:51:20)
[error] 
[error] Error: Failed to list Firebase projects. See firebase-debug.log for more info.
